State 0:
          code ::= * statementblock
      (1) statementblock ::= *
          statementblock ::= * statementblock statement

                          code accept
                statementblock shift        24     
                     {default} reduce       1      statementblock ::=

State 1:
          ex ::= * LPAR ex RPAR
          ex ::= * NUMTOKEN
          ex ::= * TIMETOKEN
          ex ::= * STRTOKEN
          ex ::= * IDENTIFIER
          ex ::= * TRUE
          ex ::= * FALSE
          ex ::= * CURRENTTIME
          ex ::= * NOW
          ex ::= * NULL1
          ex ::= * TIME of ex
          ex ::= * ex PLUS ex
          ex ::= * ex MINUS ex
          ex ::= * ex TIMES ex
          ex ::= * ex DIVIDE ex
          ex ::= * ex POWER ex
          ex ::= * ex AMPERSAND ex
          ex ::= * ex IS NUMBER
          ex ::= * ex IS STRING
          ex ::= * ex IS LIST
          ex ::= * ex IS NOT LIST
          ex ::= * jsonarray
          jsonarray ::= * LSPAR RSPAR
          jsonarray ::= LSPAR * RSPAR
          jsonarray ::= * LSPAR exlist RSPAR
          jsonarray ::= LSPAR * exlist RSPAR
          exlist ::= * ex
          exlist ::= * exlist COMMA ex
          ex ::= * COUNT ex
          ex ::= * FIRST ex
          ex ::= * ex WHERE ex
          ex ::= * ex IS LESS THAN ex
          ex ::= * ex IS LESS THAN OR EQUAL ex
          ex ::= * ex IS WITHIN ex TO ex
          ex ::= * IT

                          TIME shift        25     
                            IT shift-reduce 40     ex ::= IT
                         LSPAR shift        1      
                    IDENTIFIER shift-reduce 12     ex ::= IDENTIFIER
                         RSPAR shift-reduce 30     jsonarray ::= LSPAR RSPAR
                          LPAR shift        21     
                      NUMTOKEN shift-reduce 9      ex ::= NUMTOKEN
                     TIMETOKEN shift-reduce 10     ex ::= TIMETOKEN
                      STRTOKEN shift-reduce 11     ex ::= STRTOKEN
                          TRUE shift-reduce 13     ex ::= TRUE
                         FALSE shift-reduce 14     ex ::= FALSE
                   CURRENTTIME shift-reduce 15     ex ::= CURRENTTIME
                           NOW shift-reduce 16     ex ::= NOW
                         NULL1 shift-reduce 17     ex ::= NULL1
                         COUNT shift        12     
                         FIRST shift        11     
                            ex shift        37     
                     jsonarray shift-reduce 29     ex ::= jsonarray
                        exlist shift        48     

State 2:
          ex ::= * LPAR ex RPAR
          ex ::= * NUMTOKEN
          ex ::= * TIMETOKEN
          ex ::= * STRTOKEN
          ex ::= * IDENTIFIER
          ex ::= * TRUE
          ex ::= * FALSE
          ex ::= * CURRENTTIME
          ex ::= * NOW
          ex ::= * NULL1
          ex ::= * TIME of ex
          ex ::= * ex PLUS ex
          ex ::= * ex MINUS ex
          ex ::= * ex TIMES ex
          ex ::= * ex DIVIDE ex
          ex ::= * ex POWER ex
          ex ::= * ex AMPERSAND ex
          ex ::= * ex IS NUMBER
          ex ::= * ex IS STRING
          ex ::= * ex IS LIST
          ex ::= * ex IS NOT LIST
          ex ::= * jsonarray
          jsonarray ::= * LSPAR RSPAR
          jsonarray ::= * LSPAR exlist RSPAR
          ex ::= * COUNT ex
          ex ::= * FIRST ex
          ex ::= * ex WHERE ex
          ex ::= * ex IS LESS THAN ex
          ex ::= ex IS LESS THAN * ex
          ex ::= * ex IS LESS THAN OR EQUAL ex
          ex ::= ex IS LESS THAN * OR EQUAL ex
          ex ::= * ex IS WITHIN ex TO ex
          ex ::= * IT

                          TIME shift        25     
                            IT shift-reduce 40     ex ::= IT
                         LSPAR shift        1      
                    IDENTIFIER shift-reduce 12     ex ::= IDENTIFIER
                          LPAR shift        21     
                      NUMTOKEN shift-reduce 9      ex ::= NUMTOKEN
                     TIMETOKEN shift-reduce 10     ex ::= TIMETOKEN
                      STRTOKEN shift-reduce 11     ex ::= STRTOKEN
                          TRUE shift-reduce 13     ex ::= TRUE
                         FALSE shift-reduce 14     ex ::= FALSE
                   CURRENTTIME shift-reduce 15     ex ::= CURRENTTIME
                           NOW shift-reduce 16     ex ::= NOW
                         NULL1 shift-reduce 17     ex ::= NULL1
                         COUNT shift        12     
                         FIRST shift        11     
                            OR shift        55     
                            ex shift        46     
                     jsonarray shift-reduce 29     ex ::= jsonarray

State 3:
          statement ::= TIME IDENTIFIER ASSIGN * ex SEMICOLON
          ex ::= * LPAR ex RPAR
          ex ::= * NUMTOKEN
          ex ::= * TIMETOKEN
          ex ::= * STRTOKEN
          ex ::= * IDENTIFIER
          ex ::= * TRUE
          ex ::= * FALSE
          ex ::= * CURRENTTIME
          ex ::= * NOW
          ex ::= * NULL1
          ex ::= * TIME of ex
          ex ::= * ex PLUS ex
          ex ::= * ex MINUS ex
          ex ::= * ex TIMES ex
          ex ::= * ex DIVIDE ex
          ex ::= * ex POWER ex
          ex ::= * ex AMPERSAND ex
          ex ::= * ex IS NUMBER
          ex ::= * ex IS STRING
          ex ::= * ex IS LIST
          ex ::= * ex IS NOT LIST
          ex ::= * jsonarray
          jsonarray ::= * LSPAR RSPAR
          jsonarray ::= * LSPAR exlist RSPAR
          ex ::= * COUNT ex
          ex ::= * FIRST ex
          ex ::= * ex WHERE ex
          ex ::= * ex IS LESS THAN ex
          ex ::= * ex IS LESS THAN OR EQUAL ex
          ex ::= * ex IS WITHIN ex TO ex
          ex ::= * IT

                          TIME shift        25     
                            IT shift-reduce 40     ex ::= IT
                         LSPAR shift        1      
                    IDENTIFIER shift-reduce 12     ex ::= IDENTIFIER
                          LPAR shift        21     
                      NUMTOKEN shift-reduce 9      ex ::= NUMTOKEN
                     TIMETOKEN shift-reduce 10     ex ::= TIMETOKEN
                      STRTOKEN shift-reduce 11     ex ::= STRTOKEN
                          TRUE shift-reduce 13     ex ::= TRUE
                         FALSE shift-reduce 14     ex ::= FALSE
                   CURRENTTIME shift-reduce 15     ex ::= CURRENTTIME
                           NOW shift-reduce 16     ex ::= NOW
                         NULL1 shift-reduce 17     ex ::= NULL1
                         COUNT shift        12     
                         FIRST shift        11     
                            ex shift        26     
                     jsonarray shift-reduce 29     ex ::= jsonarray

State 4:
          statement ::= IDENTIFIER ASSIGN * ex SEMICOLON
          ex ::= * LPAR ex RPAR
          ex ::= * NUMTOKEN
          ex ::= * TIMETOKEN
          ex ::= * STRTOKEN
          ex ::= * IDENTIFIER
          ex ::= * TRUE
          ex ::= * FALSE
          ex ::= * CURRENTTIME
          ex ::= * NOW
          ex ::= * NULL1
          ex ::= * TIME of ex
          ex ::= * ex PLUS ex
          ex ::= * ex MINUS ex
          ex ::= * ex TIMES ex
          ex ::= * ex DIVIDE ex
          ex ::= * ex POWER ex
          ex ::= * ex AMPERSAND ex
          ex ::= * ex IS NUMBER
          ex ::= * ex IS STRING
          ex ::= * ex IS LIST
          ex ::= * ex IS NOT LIST
          ex ::= * jsonarray
          jsonarray ::= * LSPAR RSPAR
          jsonarray ::= * LSPAR exlist RSPAR
          ex ::= * COUNT ex
          ex ::= * FIRST ex
          ex ::= * ex WHERE ex
          ex ::= * ex IS LESS THAN ex
          ex ::= * ex IS LESS THAN OR EQUAL ex
          ex ::= * ex IS WITHIN ex TO ex
          ex ::= * IT

                          TIME shift        25     
                            IT shift-reduce 40     ex ::= IT
                         LSPAR shift        1      
                    IDENTIFIER shift-reduce 12     ex ::= IDENTIFIER
                          LPAR shift        21     
                      NUMTOKEN shift-reduce 9      ex ::= NUMTOKEN
                     TIMETOKEN shift-reduce 10     ex ::= TIMETOKEN
                      STRTOKEN shift-reduce 11     ex ::= STRTOKEN
                          TRUE shift-reduce 13     ex ::= TRUE
                         FALSE shift-reduce 14     ex ::= FALSE
                   CURRENTTIME shift-reduce 15     ex ::= CURRENTTIME
                           NOW shift-reduce 16     ex ::= NOW
                         NULL1 shift-reduce 17     ex ::= NULL1
                         COUNT shift        12     
                         FIRST shift        11     
                            ex shift        27     
                     jsonarray shift-reduce 29     ex ::= jsonarray

State 5:
          statement ::= IDENTIFIER LSPAR ex RSPAR ASSIGN * ex SEMICOLON
          ex ::= * LPAR ex RPAR
          ex ::= * NUMTOKEN
          ex ::= * TIMETOKEN
          ex ::= * STRTOKEN
          ex ::= * IDENTIFIER
          ex ::= * TRUE
          ex ::= * FALSE
          ex ::= * CURRENTTIME
          ex ::= * NOW
          ex ::= * NULL1
          ex ::= * TIME of ex
          ex ::= * ex PLUS ex
          ex ::= * ex MINUS ex
          ex ::= * ex TIMES ex
          ex ::= * ex DIVIDE ex
          ex ::= * ex POWER ex
          ex ::= * ex AMPERSAND ex
          ex ::= * ex IS NUMBER
          ex ::= * ex IS STRING
          ex ::= * ex IS LIST
          ex ::= * ex IS NOT LIST
          ex ::= * jsonarray
          jsonarray ::= * LSPAR RSPAR
          jsonarray ::= * LSPAR exlist RSPAR
          ex ::= * COUNT ex
          ex ::= * FIRST ex
          ex ::= * ex WHERE ex
          ex ::= * ex IS LESS THAN ex
          ex ::= * ex IS LESS THAN OR EQUAL ex
          ex ::= * ex IS WITHIN ex TO ex
          ex ::= * IT

                          TIME shift        25     
                            IT shift-reduce 40     ex ::= IT
                         LSPAR shift        1      
                    IDENTIFIER shift-reduce 12     ex ::= IDENTIFIER
                          LPAR shift        21     
                      NUMTOKEN shift-reduce 9      ex ::= NUMTOKEN
                     TIMETOKEN shift-reduce 10     ex ::= TIMETOKEN
                      STRTOKEN shift-reduce 11     ex ::= STRTOKEN
                          TRUE shift-reduce 13     ex ::= TRUE
                         FALSE shift-reduce 14     ex ::= FALSE
                   CURRENTTIME shift-reduce 15     ex ::= CURRENTTIME
                           NOW shift-reduce 16     ex ::= NOW
                         NULL1 shift-reduce 17     ex ::= NULL1
                         COUNT shift        12     
                         FIRST shift        11     
                            ex shift        28     
                     jsonarray shift-reduce 29     ex ::= jsonarray

State 6:
          statement ::= IDENTIFIER LSPAR * ex RSPAR ASSIGN ex SEMICOLON
          ex ::= * LPAR ex RPAR
          ex ::= * NUMTOKEN
          ex ::= * TIMETOKEN
          ex ::= * STRTOKEN
          ex ::= * IDENTIFIER
          ex ::= * TRUE
          ex ::= * FALSE
          ex ::= * CURRENTTIME
          ex ::= * NOW
          ex ::= * NULL1
          ex ::= * TIME of ex
          ex ::= * ex PLUS ex
          ex ::= * ex MINUS ex
          ex ::= * ex TIMES ex
          ex ::= * ex DIVIDE ex
          ex ::= * ex POWER ex
          ex ::= * ex AMPERSAND ex
          ex ::= * ex IS NUMBER
          ex ::= * ex IS STRING
          ex ::= * ex IS LIST
          ex ::= * ex IS NOT LIST
          ex ::= * jsonarray
          jsonarray ::= * LSPAR RSPAR
          jsonarray ::= * LSPAR exlist RSPAR
          ex ::= * COUNT ex
          ex ::= * FIRST ex
          ex ::= * ex WHERE ex
          ex ::= * ex IS LESS THAN ex
          ex ::= * ex IS LESS THAN OR EQUAL ex
          ex ::= * ex IS WITHIN ex TO ex
          ex ::= * IT

                          TIME shift        25     
                            IT shift-reduce 40     ex ::= IT
                         LSPAR shift        1      
                    IDENTIFIER shift-reduce 12     ex ::= IDENTIFIER
                          LPAR shift        21     
                      NUMTOKEN shift-reduce 9      ex ::= NUMTOKEN
                     TIMETOKEN shift-reduce 10     ex ::= TIMETOKEN
                      STRTOKEN shift-reduce 11     ex ::= STRTOKEN
                          TRUE shift-reduce 13     ex ::= TRUE
                         FALSE shift-reduce 14     ex ::= FALSE
                   CURRENTTIME shift-reduce 15     ex ::= CURRENTTIME
                           NOW shift-reduce 16     ex ::= NOW
                         NULL1 shift-reduce 17     ex ::= NULL1
                         COUNT shift        12     
                         FIRST shift        11     
                            ex shift        29     
                     jsonarray shift-reduce 29     ex ::= jsonarray

State 7:
          statement ::= TRACE * ex SEMICOLON
          ex ::= * LPAR ex RPAR
          ex ::= * NUMTOKEN
          ex ::= * TIMETOKEN
          ex ::= * STRTOKEN
          ex ::= * IDENTIFIER
          ex ::= * TRUE
          ex ::= * FALSE
          ex ::= * CURRENTTIME
          ex ::= * NOW
          ex ::= * NULL1
          ex ::= * TIME of ex
          ex ::= * ex PLUS ex
          ex ::= * ex MINUS ex
          ex ::= * ex TIMES ex
          ex ::= * ex DIVIDE ex
          ex ::= * ex POWER ex
          ex ::= * ex AMPERSAND ex
          ex ::= * ex IS NUMBER
          ex ::= * ex IS STRING
          ex ::= * ex IS LIST
          ex ::= * ex IS NOT LIST
          ex ::= * jsonarray
          jsonarray ::= * LSPAR RSPAR
          jsonarray ::= * LSPAR exlist RSPAR
          ex ::= * COUNT ex
          ex ::= * FIRST ex
          ex ::= * ex WHERE ex
          ex ::= * ex IS LESS THAN ex
          ex ::= * ex IS LESS THAN OR EQUAL ex
          ex ::= * ex IS WITHIN ex TO ex
          ex ::= * IT

                          TIME shift        25     
                            IT shift-reduce 40     ex ::= IT
                         LSPAR shift        1      
                    IDENTIFIER shift-reduce 12     ex ::= IDENTIFIER
                          LPAR shift        21     
                      NUMTOKEN shift-reduce 9      ex ::= NUMTOKEN
                     TIMETOKEN shift-reduce 10     ex ::= TIMETOKEN
                      STRTOKEN shift-reduce 11     ex ::= STRTOKEN
                          TRUE shift-reduce 13     ex ::= TRUE
                         FALSE shift-reduce 14     ex ::= FALSE
                   CURRENTTIME shift-reduce 15     ex ::= CURRENTTIME
                           NOW shift-reduce 16     ex ::= NOW
                         NULL1 shift-reduce 17     ex ::= NULL1
                         COUNT shift        12     
                         FIRST shift        11     
                            ex shift        30     
                     jsonarray shift-reduce 29     ex ::= jsonarray

State 8:
          ex ::= * LPAR ex RPAR
          ex ::= * NUMTOKEN
          ex ::= * TIMETOKEN
          ex ::= * STRTOKEN
          ex ::= * IDENTIFIER
          ex ::= * TRUE
          ex ::= * FALSE
          ex ::= * CURRENTTIME
          ex ::= * NOW
          ex ::= * NULL1
          ex ::= * TIME of ex
          ex ::= * ex PLUS ex
          ex ::= * ex MINUS ex
          ex ::= * ex TIMES ex
          ex ::= * ex DIVIDE ex
          ex ::= * ex POWER ex
          ex ::= * ex AMPERSAND ex
          ex ::= * ex IS NUMBER
          ex ::= * ex IS STRING
          ex ::= * ex IS LIST
          ex ::= * ex IS NOT LIST
          ex ::= * jsonarray
          jsonarray ::= * LSPAR RSPAR
          jsonarray ::= * LSPAR exlist RSPAR
          ex ::= * COUNT ex
          ex ::= * FIRST ex
          ex ::= * ex WHERE ex
          ex ::= * ex IS LESS THAN ex
          ex ::= * ex IS LESS THAN OR EQUAL ex
          ex ::= * ex IS WITHIN ex TO ex
          ex ::= ex IS WITHIN ex TO * ex
          ex ::= * IT

                          TIME shift        25     
                            IT shift-reduce 40     ex ::= IT
                         LSPAR shift        1      
                    IDENTIFIER shift-reduce 12     ex ::= IDENTIFIER
                          LPAR shift        21     
                      NUMTOKEN shift-reduce 9      ex ::= NUMTOKEN
                     TIMETOKEN shift-reduce 10     ex ::= TIMETOKEN
                      STRTOKEN shift-reduce 11     ex ::= STRTOKEN
                          TRUE shift-reduce 13     ex ::= TRUE
                         FALSE shift-reduce 14     ex ::= FALSE
                   CURRENTTIME shift-reduce 15     ex ::= CURRENTTIME
                           NOW shift-reduce 16     ex ::= NOW
                         NULL1 shift-reduce 17     ex ::= NULL1
                         COUNT shift        12     
                         FIRST shift        11     
                            ex shift        44     
                     jsonarray shift-reduce 29     ex ::= jsonarray

State 9:
          ex ::= * LPAR ex RPAR
          ex ::= * NUMTOKEN
          ex ::= * TIMETOKEN
          ex ::= * STRTOKEN
          ex ::= * IDENTIFIER
          ex ::= * TRUE
          ex ::= * FALSE
          ex ::= * CURRENTTIME
          ex ::= * NOW
          ex ::= * NULL1
          ex ::= * TIME of ex
          ex ::= * ex PLUS ex
          ex ::= * ex MINUS ex
          ex ::= * ex TIMES ex
          ex ::= * ex DIVIDE ex
          ex ::= * ex POWER ex
          ex ::= * ex AMPERSAND ex
          ex ::= * ex IS NUMBER
          ex ::= * ex IS STRING
          ex ::= * ex IS LIST
          ex ::= * ex IS NOT LIST
          ex ::= * jsonarray
          jsonarray ::= * LSPAR RSPAR
          jsonarray ::= * LSPAR exlist RSPAR
          ex ::= * COUNT ex
          ex ::= * FIRST ex
          ex ::= * ex WHERE ex
          ex ::= * ex IS LESS THAN ex
          ex ::= * ex IS LESS THAN OR EQUAL ex
          ex ::= * ex IS WITHIN ex TO ex
          ex ::= ex IS WITHIN * ex TO ex
          ex ::= * IT

                          TIME shift        25     
                            IT shift-reduce 40     ex ::= IT
                         LSPAR shift        1      
                    IDENTIFIER shift-reduce 12     ex ::= IDENTIFIER
                          LPAR shift        21     
                      NUMTOKEN shift-reduce 9      ex ::= NUMTOKEN
                     TIMETOKEN shift-reduce 10     ex ::= TIMETOKEN
                      STRTOKEN shift-reduce 11     ex ::= STRTOKEN
                          TRUE shift-reduce 13     ex ::= TRUE
                         FALSE shift-reduce 14     ex ::= FALSE
                   CURRENTTIME shift-reduce 15     ex ::= CURRENTTIME
                           NOW shift-reduce 16     ex ::= NOW
                         NULL1 shift-reduce 17     ex ::= NULL1
                         COUNT shift        12     
                         FIRST shift        11     
                            ex shift        31     
                     jsonarray shift-reduce 29     ex ::= jsonarray

State 10:
          ex ::= * LPAR ex RPAR
          ex ::= * NUMTOKEN
          ex ::= * TIMETOKEN
          ex ::= * STRTOKEN
          ex ::= * IDENTIFIER
          ex ::= * TRUE
          ex ::= * FALSE
          ex ::= * CURRENTTIME
          ex ::= * NOW
          ex ::= * NULL1
          ex ::= * TIME of ex
          ex ::= * ex PLUS ex
          ex ::= * ex MINUS ex
          ex ::= * ex TIMES ex
          ex ::= * ex DIVIDE ex
          ex ::= * ex POWER ex
          ex ::= * ex AMPERSAND ex
          ex ::= * ex IS NUMBER
          ex ::= * ex IS STRING
          ex ::= * ex IS LIST
          ex ::= * ex IS NOT LIST
          ex ::= * jsonarray
          jsonarray ::= * LSPAR RSPAR
          jsonarray ::= * LSPAR exlist RSPAR
          ex ::= * COUNT ex
          ex ::= * FIRST ex
          ex ::= * ex WHERE ex
          ex ::= * ex IS LESS THAN ex
          ex ::= * ex IS LESS THAN OR EQUAL ex
          ex ::= ex IS LESS THAN OR EQUAL * ex
          ex ::= * ex IS WITHIN ex TO ex
          ex ::= * IT

                          TIME shift        25     
                            IT shift-reduce 40     ex ::= IT
                         LSPAR shift        1      
                    IDENTIFIER shift-reduce 12     ex ::= IDENTIFIER
                          LPAR shift        21     
                      NUMTOKEN shift-reduce 9      ex ::= NUMTOKEN
                     TIMETOKEN shift-reduce 10     ex ::= TIMETOKEN
                      STRTOKEN shift-reduce 11     ex ::= STRTOKEN
                          TRUE shift-reduce 13     ex ::= TRUE
                         FALSE shift-reduce 14     ex ::= FALSE
                   CURRENTTIME shift-reduce 15     ex ::= CURRENTTIME
                           NOW shift-reduce 16     ex ::= NOW
                         NULL1 shift-reduce 17     ex ::= NULL1
                         COUNT shift        12     
                         FIRST shift        11     
                            ex shift        45     
                     jsonarray shift-reduce 29     ex ::= jsonarray

State 11:
          ex ::= * LPAR ex RPAR
          ex ::= * NUMTOKEN
          ex ::= * TIMETOKEN
          ex ::= * STRTOKEN
          ex ::= * IDENTIFIER
          ex ::= * TRUE
          ex ::= * FALSE
          ex ::= * CURRENTTIME
          ex ::= * NOW
          ex ::= * NULL1
          ex ::= * TIME of ex
          ex ::= * ex PLUS ex
          ex ::= * ex MINUS ex
          ex ::= * ex TIMES ex
          ex ::= * ex DIVIDE ex
          ex ::= * ex POWER ex
          ex ::= * ex AMPERSAND ex
          ex ::= * ex IS NUMBER
          ex ::= * ex IS STRING
          ex ::= * ex IS LIST
          ex ::= * ex IS NOT LIST
          ex ::= * jsonarray
          jsonarray ::= * LSPAR RSPAR
          jsonarray ::= * LSPAR exlist RSPAR
          ex ::= * COUNT ex
          ex ::= * FIRST ex
          ex ::= FIRST * ex
          ex ::= * ex WHERE ex
          ex ::= * ex IS LESS THAN ex
          ex ::= * ex IS LESS THAN OR EQUAL ex
          ex ::= * ex IS WITHIN ex TO ex
          ex ::= * IT

                          TIME shift        25     
                            IT shift-reduce 40     ex ::= IT
                         LSPAR shift        1      
                    IDENTIFIER shift-reduce 12     ex ::= IDENTIFIER
                          LPAR shift        21     
                      NUMTOKEN shift-reduce 9      ex ::= NUMTOKEN
                     TIMETOKEN shift-reduce 10     ex ::= TIMETOKEN
                      STRTOKEN shift-reduce 11     ex ::= STRTOKEN
                          TRUE shift-reduce 13     ex ::= TRUE
                         FALSE shift-reduce 14     ex ::= FALSE
                   CURRENTTIME shift-reduce 15     ex ::= CURRENTTIME
                           NOW shift-reduce 16     ex ::= NOW
                         NULL1 shift-reduce 17     ex ::= NULL1
                         COUNT shift        12     
                         FIRST shift        11     
                            ex shift        34     
                     jsonarray shift-reduce 29     ex ::= jsonarray

State 12:
          ex ::= * LPAR ex RPAR
          ex ::= * NUMTOKEN
          ex ::= * TIMETOKEN
          ex ::= * STRTOKEN
          ex ::= * IDENTIFIER
          ex ::= * TRUE
          ex ::= * FALSE
          ex ::= * CURRENTTIME
          ex ::= * NOW
          ex ::= * NULL1
          ex ::= * TIME of ex
          ex ::= * ex PLUS ex
          ex ::= * ex MINUS ex
          ex ::= * ex TIMES ex
          ex ::= * ex DIVIDE ex
          ex ::= * ex POWER ex
          ex ::= * ex AMPERSAND ex
          ex ::= * ex IS NUMBER
          ex ::= * ex IS STRING
          ex ::= * ex IS LIST
          ex ::= * ex IS NOT LIST
          ex ::= * jsonarray
          jsonarray ::= * LSPAR RSPAR
          jsonarray ::= * LSPAR exlist RSPAR
          ex ::= * COUNT ex
          ex ::= COUNT * ex
          ex ::= * FIRST ex
          ex ::= * ex WHERE ex
          ex ::= * ex IS LESS THAN ex
          ex ::= * ex IS LESS THAN OR EQUAL ex
          ex ::= * ex IS WITHIN ex TO ex
          ex ::= * IT

                          TIME shift        25     
                            IT shift-reduce 40     ex ::= IT
                         LSPAR shift        1      
                    IDENTIFIER shift-reduce 12     ex ::= IDENTIFIER
                          LPAR shift        21     
                      NUMTOKEN shift-reduce 9      ex ::= NUMTOKEN
                     TIMETOKEN shift-reduce 10     ex ::= TIMETOKEN
                      STRTOKEN shift-reduce 11     ex ::= STRTOKEN
                          TRUE shift-reduce 13     ex ::= TRUE
                         FALSE shift-reduce 14     ex ::= FALSE
                   CURRENTTIME shift-reduce 15     ex ::= CURRENTTIME
                           NOW shift-reduce 16     ex ::= NOW
                         NULL1 shift-reduce 17     ex ::= NULL1
                         COUNT shift        12     
                         FIRST shift        11     
                            ex shift        35     
                     jsonarray shift-reduce 29     ex ::= jsonarray

State 13:
          ex ::= * LPAR ex RPAR
          ex ::= * NUMTOKEN
          ex ::= * TIMETOKEN
          ex ::= * STRTOKEN
          ex ::= * IDENTIFIER
          ex ::= * TRUE
          ex ::= * FALSE
          ex ::= * CURRENTTIME
          ex ::= * NOW
          ex ::= * NULL1
          ex ::= * TIME of ex
          ex ::= * ex PLUS ex
          ex ::= * ex MINUS ex
          ex ::= * ex TIMES ex
          ex ::= * ex DIVIDE ex
          ex ::= * ex POWER ex
          ex ::= * ex AMPERSAND ex
          ex ::= * ex IS NUMBER
          ex ::= * ex IS STRING
          ex ::= * ex IS LIST
          ex ::= * ex IS NOT LIST
          ex ::= * jsonarray
          jsonarray ::= * LSPAR RSPAR
          jsonarray ::= * LSPAR exlist RSPAR
          exlist ::= exlist COMMA * ex
          ex ::= * COUNT ex
          ex ::= * FIRST ex
          ex ::= * ex WHERE ex
          ex ::= * ex IS LESS THAN ex
          ex ::= * ex IS LESS THAN OR EQUAL ex
          ex ::= * ex IS WITHIN ex TO ex
          ex ::= * IT

                          TIME shift        25     
                            IT shift-reduce 40     ex ::= IT
                         LSPAR shift        1      
                    IDENTIFIER shift-reduce 12     ex ::= IDENTIFIER
                          LPAR shift        21     
                      NUMTOKEN shift-reduce 9      ex ::= NUMTOKEN
                     TIMETOKEN shift-reduce 10     ex ::= TIMETOKEN
                      STRTOKEN shift-reduce 11     ex ::= STRTOKEN
                          TRUE shift-reduce 13     ex ::= TRUE
                         FALSE shift-reduce 14     ex ::= FALSE
                   CURRENTTIME shift-reduce 15     ex ::= CURRENTTIME
                           NOW shift-reduce 16     ex ::= NOW
                         NULL1 shift-reduce 17     ex ::= NULL1
                         COUNT shift        12     
                         FIRST shift        11     
                            ex shift        36     
                     jsonarray shift-reduce 29     ex ::= jsonarray

State 14:
          ex ::= * LPAR ex RPAR
          ex ::= * NUMTOKEN
          ex ::= * TIMETOKEN
          ex ::= * STRTOKEN
          ex ::= * IDENTIFIER
          ex ::= * TRUE
          ex ::= * FALSE
          ex ::= * CURRENTTIME
          ex ::= * NOW
          ex ::= * NULL1
          ex ::= * TIME of ex
          ex ::= * ex PLUS ex
          ex ::= * ex MINUS ex
          ex ::= * ex TIMES ex
          ex ::= * ex DIVIDE ex
          ex ::= * ex POWER ex
          ex ::= * ex AMPERSAND ex
          ex ::= * ex IS NUMBER
          ex ::= * ex IS STRING
          ex ::= * ex IS LIST
          ex ::= * ex IS NOT LIST
          ex ::= * jsonarray
          jsonarray ::= * LSPAR RSPAR
          jsonarray ::= * LSPAR exlist RSPAR
          ex ::= * COUNT ex
          ex ::= * FIRST ex
          ex ::= * ex WHERE ex
          ex ::= ex WHERE * ex
          ex ::= * ex IS LESS THAN ex
          ex ::= * ex IS LESS THAN OR EQUAL ex
          ex ::= * ex IS WITHIN ex TO ex
          ex ::= * IT

                          TIME shift        25     
                            IT shift-reduce 40     ex ::= IT
                         LSPAR shift        1      
                    IDENTIFIER shift-reduce 12     ex ::= IDENTIFIER
                          LPAR shift        21     
                      NUMTOKEN shift-reduce 9      ex ::= NUMTOKEN
                     TIMETOKEN shift-reduce 10     ex ::= TIMETOKEN
                      STRTOKEN shift-reduce 11     ex ::= STRTOKEN
                          TRUE shift-reduce 13     ex ::= TRUE
                         FALSE shift-reduce 14     ex ::= FALSE
                   CURRENTTIME shift-reduce 15     ex ::= CURRENTTIME
                           NOW shift-reduce 16     ex ::= NOW
                         NULL1 shift-reduce 17     ex ::= NULL1
                         COUNT shift        12     
                         FIRST shift        11     
                            ex shift        38     
                     jsonarray shift-reduce 29     ex ::= jsonarray

State 15:
          ex ::= * LPAR ex RPAR
          ex ::= * NUMTOKEN
          ex ::= * TIMETOKEN
          ex ::= * STRTOKEN
          ex ::= * IDENTIFIER
          ex ::= * TRUE
          ex ::= * FALSE
          ex ::= * CURRENTTIME
          ex ::= * NOW
          ex ::= * NULL1
          ex ::= * TIME of ex
          ex ::= * ex PLUS ex
          ex ::= * ex MINUS ex
          ex ::= * ex TIMES ex
          ex ::= * ex DIVIDE ex
          ex ::= * ex POWER ex
          ex ::= * ex AMPERSAND ex
          ex ::= ex AMPERSAND * ex
          ex ::= * ex IS NUMBER
          ex ::= * ex IS STRING
          ex ::= * ex IS LIST
          ex ::= * ex IS NOT LIST
          ex ::= * jsonarray
          jsonarray ::= * LSPAR RSPAR
          jsonarray ::= * LSPAR exlist RSPAR
          ex ::= * COUNT ex
          ex ::= * FIRST ex
          ex ::= * ex WHERE ex
          ex ::= * ex IS LESS THAN ex
          ex ::= * ex IS LESS THAN OR EQUAL ex
          ex ::= * ex IS WITHIN ex TO ex
          ex ::= * IT

                          TIME shift        25     
                            IT shift-reduce 40     ex ::= IT
                         LSPAR shift        1      
                    IDENTIFIER shift-reduce 12     ex ::= IDENTIFIER
                          LPAR shift        21     
                      NUMTOKEN shift-reduce 9      ex ::= NUMTOKEN
                     TIMETOKEN shift-reduce 10     ex ::= TIMETOKEN
                      STRTOKEN shift-reduce 11     ex ::= STRTOKEN
                          TRUE shift-reduce 13     ex ::= TRUE
                         FALSE shift-reduce 14     ex ::= FALSE
                   CURRENTTIME shift-reduce 15     ex ::= CURRENTTIME
                           NOW shift-reduce 16     ex ::= NOW
                         NULL1 shift-reduce 17     ex ::= NULL1
                         COUNT shift        12     
                         FIRST shift        11     
                            ex shift        39     
                     jsonarray shift-reduce 29     ex ::= jsonarray

State 16:
          ex ::= * LPAR ex RPAR
          ex ::= * NUMTOKEN
          ex ::= * TIMETOKEN
          ex ::= * STRTOKEN
          ex ::= * IDENTIFIER
          ex ::= * TRUE
          ex ::= * FALSE
          ex ::= * CURRENTTIME
          ex ::= * NOW
          ex ::= * NULL1
          ex ::= * TIME of ex
          ex ::= * ex PLUS ex
          ex ::= * ex MINUS ex
          ex ::= * ex TIMES ex
          ex ::= * ex DIVIDE ex
          ex ::= * ex POWER ex
          ex ::= ex POWER * ex
          ex ::= * ex AMPERSAND ex
          ex ::= * ex IS NUMBER
          ex ::= * ex IS STRING
          ex ::= * ex IS LIST
          ex ::= * ex IS NOT LIST
          ex ::= * jsonarray
          jsonarray ::= * LSPAR RSPAR
          jsonarray ::= * LSPAR exlist RSPAR
          ex ::= * COUNT ex
          ex ::= * FIRST ex
          ex ::= * ex WHERE ex
          ex ::= * ex IS LESS THAN ex
          ex ::= * ex IS LESS THAN OR EQUAL ex
          ex ::= * ex IS WITHIN ex TO ex
          ex ::= * IT

                          TIME shift        25     
                            IT shift-reduce 40     ex ::= IT
                         LSPAR shift        1      
                    IDENTIFIER shift-reduce 12     ex ::= IDENTIFIER
                          LPAR shift        21     
                      NUMTOKEN shift-reduce 9      ex ::= NUMTOKEN
                     TIMETOKEN shift-reduce 10     ex ::= TIMETOKEN
                      STRTOKEN shift-reduce 11     ex ::= STRTOKEN
                          TRUE shift-reduce 13     ex ::= TRUE
                         FALSE shift-reduce 14     ex ::= FALSE
                   CURRENTTIME shift-reduce 15     ex ::= CURRENTTIME
                           NOW shift-reduce 16     ex ::= NOW
                         NULL1 shift-reduce 17     ex ::= NULL1
                         COUNT shift        12     
                         FIRST shift        11     
                            ex shift        49     
                     jsonarray shift-reduce 29     ex ::= jsonarray

State 17:
          ex ::= * LPAR ex RPAR
          ex ::= * NUMTOKEN
          ex ::= * TIMETOKEN
          ex ::= * STRTOKEN
          ex ::= * IDENTIFIER
          ex ::= * TRUE
          ex ::= * FALSE
          ex ::= * CURRENTTIME
          ex ::= * NOW
          ex ::= * NULL1
          ex ::= * TIME of ex
          ex ::= * ex PLUS ex
          ex ::= * ex MINUS ex
          ex ::= * ex TIMES ex
          ex ::= * ex DIVIDE ex
          ex ::= ex DIVIDE * ex
          ex ::= * ex POWER ex
          ex ::= * ex AMPERSAND ex
          ex ::= * ex IS NUMBER
          ex ::= * ex IS STRING
          ex ::= * ex IS LIST
          ex ::= * ex IS NOT LIST
          ex ::= * jsonarray
          jsonarray ::= * LSPAR RSPAR
          jsonarray ::= * LSPAR exlist RSPAR
          ex ::= * COUNT ex
          ex ::= * FIRST ex
          ex ::= * ex WHERE ex
          ex ::= * ex IS LESS THAN ex
          ex ::= * ex IS LESS THAN OR EQUAL ex
          ex ::= * ex IS WITHIN ex TO ex
          ex ::= * IT

                          TIME shift        25     
                            IT shift-reduce 40     ex ::= IT
                         LSPAR shift        1      
                    IDENTIFIER shift-reduce 12     ex ::= IDENTIFIER
                          LPAR shift        21     
                      NUMTOKEN shift-reduce 9      ex ::= NUMTOKEN
                     TIMETOKEN shift-reduce 10     ex ::= TIMETOKEN
                      STRTOKEN shift-reduce 11     ex ::= STRTOKEN
                          TRUE shift-reduce 13     ex ::= TRUE
                         FALSE shift-reduce 14     ex ::= FALSE
                   CURRENTTIME shift-reduce 15     ex ::= CURRENTTIME
                           NOW shift-reduce 16     ex ::= NOW
                         NULL1 shift-reduce 17     ex ::= NULL1
                         COUNT shift        12     
                         FIRST shift        11     
                            ex shift        50     
                     jsonarray shift-reduce 29     ex ::= jsonarray

State 18:
          ex ::= * LPAR ex RPAR
          ex ::= * NUMTOKEN
          ex ::= * TIMETOKEN
          ex ::= * STRTOKEN
          ex ::= * IDENTIFIER
          ex ::= * TRUE
          ex ::= * FALSE
          ex ::= * CURRENTTIME
          ex ::= * NOW
          ex ::= * NULL1
          ex ::= * TIME of ex
          ex ::= * ex PLUS ex
          ex ::= * ex MINUS ex
          ex ::= * ex TIMES ex
          ex ::= ex TIMES * ex
          ex ::= * ex DIVIDE ex
          ex ::= * ex POWER ex
          ex ::= * ex AMPERSAND ex
          ex ::= * ex IS NUMBER
          ex ::= * ex IS STRING
          ex ::= * ex IS LIST
          ex ::= * ex IS NOT LIST
          ex ::= * jsonarray
          jsonarray ::= * LSPAR RSPAR
          jsonarray ::= * LSPAR exlist RSPAR
          ex ::= * COUNT ex
          ex ::= * FIRST ex
          ex ::= * ex WHERE ex
          ex ::= * ex IS LESS THAN ex
          ex ::= * ex IS LESS THAN OR EQUAL ex
          ex ::= * ex IS WITHIN ex TO ex
          ex ::= * IT

                          TIME shift        25     
                            IT shift-reduce 40     ex ::= IT
                         LSPAR shift        1      
                    IDENTIFIER shift-reduce 12     ex ::= IDENTIFIER
                          LPAR shift        21     
                      NUMTOKEN shift-reduce 9      ex ::= NUMTOKEN
                     TIMETOKEN shift-reduce 10     ex ::= TIMETOKEN
                      STRTOKEN shift-reduce 11     ex ::= STRTOKEN
                          TRUE shift-reduce 13     ex ::= TRUE
                         FALSE shift-reduce 14     ex ::= FALSE
                   CURRENTTIME shift-reduce 15     ex ::= CURRENTTIME
                           NOW shift-reduce 16     ex ::= NOW
                         NULL1 shift-reduce 17     ex ::= NULL1
                         COUNT shift        12     
                         FIRST shift        11     
                            ex shift        51     
                     jsonarray shift-reduce 29     ex ::= jsonarray

State 19:
          ex ::= * LPAR ex RPAR
          ex ::= * NUMTOKEN
          ex ::= * TIMETOKEN
          ex ::= * STRTOKEN
          ex ::= * IDENTIFIER
          ex ::= * TRUE
          ex ::= * FALSE
          ex ::= * CURRENTTIME
          ex ::= * NOW
          ex ::= * NULL1
          ex ::= * TIME of ex
          ex ::= TIME of * ex
          ex ::= * ex PLUS ex
          ex ::= * ex MINUS ex
          ex ::= * ex TIMES ex
          ex ::= * ex DIVIDE ex
          ex ::= * ex POWER ex
          ex ::= * ex AMPERSAND ex
          ex ::= * ex IS NUMBER
          ex ::= * ex IS STRING
          ex ::= * ex IS LIST
          ex ::= * ex IS NOT LIST
          ex ::= * jsonarray
          jsonarray ::= * LSPAR RSPAR
          jsonarray ::= * LSPAR exlist RSPAR
          ex ::= * COUNT ex
          ex ::= * FIRST ex
          ex ::= * ex WHERE ex
          ex ::= * ex IS LESS THAN ex
          ex ::= * ex IS LESS THAN OR EQUAL ex
          ex ::= * ex IS WITHIN ex TO ex
          ex ::= * IT

                          TIME shift        25     
                            IT shift-reduce 40     ex ::= IT
                         LSPAR shift        1      
                    IDENTIFIER shift-reduce 12     ex ::= IDENTIFIER
                          LPAR shift        21     
                      NUMTOKEN shift-reduce 9      ex ::= NUMTOKEN
                     TIMETOKEN shift-reduce 10     ex ::= TIMETOKEN
                      STRTOKEN shift-reduce 11     ex ::= STRTOKEN
                          TRUE shift-reduce 13     ex ::= TRUE
                         FALSE shift-reduce 14     ex ::= FALSE
                   CURRENTTIME shift-reduce 15     ex ::= CURRENTTIME
                           NOW shift-reduce 16     ex ::= NOW
                         NULL1 shift-reduce 17     ex ::= NULL1
                         COUNT shift        12     
                         FIRST shift        11     
                            ex shift        43     
                     jsonarray shift-reduce 29     ex ::= jsonarray

State 20:
          ex ::= * LPAR ex RPAR
          ex ::= * NUMTOKEN
          ex ::= * TIMETOKEN
          ex ::= * STRTOKEN
          ex ::= * IDENTIFIER
          ex ::= * TRUE
          ex ::= * FALSE
          ex ::= * CURRENTTIME
          ex ::= * NOW
          ex ::= * NULL1
          ex ::= * TIME of ex
          ex ::= * ex PLUS ex
          ex ::= * ex MINUS ex
          ex ::= ex MINUS * ex
          ex ::= * ex TIMES ex
          ex ::= * ex DIVIDE ex
          ex ::= * ex POWER ex
          ex ::= * ex AMPERSAND ex
          ex ::= * ex IS NUMBER
          ex ::= * ex IS STRING
          ex ::= * ex IS LIST
          ex ::= * ex IS NOT LIST
          ex ::= * jsonarray
          jsonarray ::= * LSPAR RSPAR
          jsonarray ::= * LSPAR exlist RSPAR
          ex ::= * COUNT ex
          ex ::= * FIRST ex
          ex ::= * ex WHERE ex
          ex ::= * ex IS LESS THAN ex
          ex ::= * ex IS LESS THAN OR EQUAL ex
          ex ::= * ex IS WITHIN ex TO ex
          ex ::= * IT

                          TIME shift        25     
                            IT shift-reduce 40     ex ::= IT
                         LSPAR shift        1      
                    IDENTIFIER shift-reduce 12     ex ::= IDENTIFIER
                          LPAR shift        21     
                      NUMTOKEN shift-reduce 9      ex ::= NUMTOKEN
                     TIMETOKEN shift-reduce 10     ex ::= TIMETOKEN
                      STRTOKEN shift-reduce 11     ex ::= STRTOKEN
                          TRUE shift-reduce 13     ex ::= TRUE
                         FALSE shift-reduce 14     ex ::= FALSE
                   CURRENTTIME shift-reduce 15     ex ::= CURRENTTIME
                           NOW shift-reduce 16     ex ::= NOW
                         NULL1 shift-reduce 17     ex ::= NULL1
                         COUNT shift        12     
                         FIRST shift        11     
                            ex shift        42     
                     jsonarray shift-reduce 29     ex ::= jsonarray

State 21:
          ex ::= * LPAR ex RPAR
          ex ::= LPAR * ex RPAR
          ex ::= * NUMTOKEN
          ex ::= * TIMETOKEN
          ex ::= * STRTOKEN
          ex ::= * IDENTIFIER
          ex ::= * TRUE
          ex ::= * FALSE
          ex ::= * CURRENTTIME
          ex ::= * NOW
          ex ::= * NULL1
          ex ::= * TIME of ex
          ex ::= * ex PLUS ex
          ex ::= * ex MINUS ex
          ex ::= * ex TIMES ex
          ex ::= * ex DIVIDE ex
          ex ::= * ex POWER ex
          ex ::= * ex AMPERSAND ex
          ex ::= * ex IS NUMBER
          ex ::= * ex IS STRING
          ex ::= * ex IS LIST
          ex ::= * ex IS NOT LIST
          ex ::= * jsonarray
          jsonarray ::= * LSPAR RSPAR
          jsonarray ::= * LSPAR exlist RSPAR
          ex ::= * COUNT ex
          ex ::= * FIRST ex
          ex ::= * ex WHERE ex
          ex ::= * ex IS LESS THAN ex
          ex ::= * ex IS LESS THAN OR EQUAL ex
          ex ::= * ex IS WITHIN ex TO ex
          ex ::= * IT

                          TIME shift        25     
                            IT shift-reduce 40     ex ::= IT
                         LSPAR shift        1      
                    IDENTIFIER shift-reduce 12     ex ::= IDENTIFIER
                          LPAR shift        21     
                      NUMTOKEN shift-reduce 9      ex ::= NUMTOKEN
                     TIMETOKEN shift-reduce 10     ex ::= TIMETOKEN
                      STRTOKEN shift-reduce 11     ex ::= STRTOKEN
                          TRUE shift-reduce 13     ex ::= TRUE
                         FALSE shift-reduce 14     ex ::= FALSE
                   CURRENTTIME shift-reduce 15     ex ::= CURRENTTIME
                           NOW shift-reduce 16     ex ::= NOW
                         NULL1 shift-reduce 17     ex ::= NULL1
                         COUNT shift        12     
                         FIRST shift        11     
                            ex shift        32     
                     jsonarray shift-reduce 29     ex ::= jsonarray

State 22:
          ex ::= * LPAR ex RPAR
          ex ::= * NUMTOKEN
          ex ::= * TIMETOKEN
          ex ::= * STRTOKEN
          ex ::= * IDENTIFIER
          ex ::= * TRUE
          ex ::= * FALSE
          ex ::= * CURRENTTIME
          ex ::= * NOW
          ex ::= * NULL1
          ex ::= * TIME of ex
          ex ::= * ex PLUS ex
          ex ::= ex PLUS * ex
          ex ::= * ex MINUS ex
          ex ::= * ex TIMES ex
          ex ::= * ex DIVIDE ex
          ex ::= * ex POWER ex
          ex ::= * ex AMPERSAND ex
          ex ::= * ex IS NUMBER
          ex ::= * ex IS STRING
          ex ::= * ex IS LIST
          ex ::= * ex IS NOT LIST
          ex ::= * jsonarray
          jsonarray ::= * LSPAR RSPAR
          jsonarray ::= * LSPAR exlist RSPAR
          ex ::= * COUNT ex
          ex ::= * FIRST ex
          ex ::= * ex WHERE ex
          ex ::= * ex IS LESS THAN ex
          ex ::= * ex IS LESS THAN OR EQUAL ex
          ex ::= * ex IS WITHIN ex TO ex
          ex ::= * IT

                          TIME shift        25     
                            IT shift-reduce 40     ex ::= IT
                         LSPAR shift        1      
                    IDENTIFIER shift-reduce 12     ex ::= IDENTIFIER
                          LPAR shift        21     
                      NUMTOKEN shift-reduce 9      ex ::= NUMTOKEN
                     TIMETOKEN shift-reduce 10     ex ::= TIMETOKEN
                      STRTOKEN shift-reduce 11     ex ::= STRTOKEN
                          TRUE shift-reduce 13     ex ::= TRUE
                         FALSE shift-reduce 14     ex ::= FALSE
                   CURRENTTIME shift-reduce 15     ex ::= CURRENTTIME
                           NOW shift-reduce 16     ex ::= NOW
                         NULL1 shift-reduce 17     ex ::= NULL1
                         COUNT shift        12     
                         FIRST shift        11     
                            ex shift        41     
                     jsonarray shift-reduce 29     ex ::= jsonarray

State 23:
          statement ::= WRITE * ex SEMICOLON
          ex ::= * LPAR ex RPAR
          ex ::= * NUMTOKEN
          ex ::= * TIMETOKEN
          ex ::= * STRTOKEN
          ex ::= * IDENTIFIER
          ex ::= * TRUE
          ex ::= * FALSE
          ex ::= * CURRENTTIME
          ex ::= * NOW
          ex ::= * NULL1
          ex ::= * TIME of ex
          ex ::= * ex PLUS ex
          ex ::= * ex MINUS ex
          ex ::= * ex TIMES ex
          ex ::= * ex DIVIDE ex
          ex ::= * ex POWER ex
          ex ::= * ex AMPERSAND ex
          ex ::= * ex IS NUMBER
          ex ::= * ex IS STRING
          ex ::= * ex IS LIST
          ex ::= * ex IS NOT LIST
          ex ::= * jsonarray
          jsonarray ::= * LSPAR RSPAR
          jsonarray ::= * LSPAR exlist RSPAR
          ex ::= * COUNT ex
          ex ::= * FIRST ex
          ex ::= * ex WHERE ex
          ex ::= * ex IS LESS THAN ex
          ex ::= * ex IS LESS THAN OR EQUAL ex
          ex ::= * ex IS WITHIN ex TO ex
          ex ::= * IT

                          TIME shift        25     
                            IT shift-reduce 40     ex ::= IT
                         LSPAR shift        1      
                    IDENTIFIER shift-reduce 12     ex ::= IDENTIFIER
                          LPAR shift        21     
                      NUMTOKEN shift-reduce 9      ex ::= NUMTOKEN
                     TIMETOKEN shift-reduce 10     ex ::= TIMETOKEN
                      STRTOKEN shift-reduce 11     ex ::= STRTOKEN
                          TRUE shift-reduce 13     ex ::= TRUE
                         FALSE shift-reduce 14     ex ::= FALSE
                   CURRENTTIME shift-reduce 15     ex ::= CURRENTTIME
                           NOW shift-reduce 16     ex ::= NOW
                         NULL1 shift-reduce 17     ex ::= NULL1
                         COUNT shift        12     
                         FIRST shift        11     
                            ex shift        33     
                     jsonarray shift-reduce 29     ex ::= jsonarray

State 24:
      (0) code ::= statementblock *
          statementblock ::= statementblock * statement
          statement ::= * WRITE ex SEMICOLON
          statement ::= * TRACE ex SEMICOLON
          statement ::= * IDENTIFIER LSPAR ex RSPAR ASSIGN ex SEMICOLON
          statement ::= * IDENTIFIER ASSIGN ex SEMICOLON
          statement ::= * TIME IDENTIFIER ASSIGN ex SEMICOLON

                             $ reduce       0      code ::= statementblock
                          TIME shift        53     
                         WRITE shift        23     
                         TRACE shift        7      
                    IDENTIFIER shift        47     
                     statement shift-reduce 2      statementblock ::= statementblock statement

State 25:
     (41) of ::= *
          of ::= * OF
          ex ::= TIME * of ex

                            OF shift-reduce 42     of ::= OF
                            of shift        19     
                     {default} reduce       41     of ::=

State 26:
          statement ::= TIME IDENTIFIER ASSIGN ex * SEMICOLON
          ex ::= ex * PLUS ex
          ex ::= ex * MINUS ex
          ex ::= ex * TIMES ex
          ex ::= ex * DIVIDE ex
          ex ::= ex * POWER ex
          ex ::= ex * AMPERSAND ex
          ex ::= ex * IS NUMBER
          ex ::= ex * IS STRING
          ex ::= ex * IS LIST
          ex ::= ex * IS NOT LIST
          ex ::= ex * WHERE ex
          ex ::= ex * IS LESS THAN ex
          ex ::= ex * IS LESS THAN OR EQUAL ex
          ex ::= ex * IS WITHIN ex TO ex

                         WHERE shift        14     
                          PLUS shift        22     
                         MINUS shift        20     
                            IS shift        40     
                         TIMES shift        18     
                        DIVIDE shift        17     
                         POWER shift        16     
                     SEMICOLON shift-reduce 7      statement ::= TIME IDENTIFIER ASSIGN ex SEMICOLON
                     AMPERSAND shift        15     

State 27:
          statement ::= IDENTIFIER ASSIGN ex * SEMICOLON
          ex ::= ex * PLUS ex
          ex ::= ex * MINUS ex
          ex ::= ex * TIMES ex
          ex ::= ex * DIVIDE ex
          ex ::= ex * POWER ex
          ex ::= ex * AMPERSAND ex
          ex ::= ex * IS NUMBER
          ex ::= ex * IS STRING
          ex ::= ex * IS LIST
          ex ::= ex * IS NOT LIST
          ex ::= ex * WHERE ex
          ex ::= ex * IS LESS THAN ex
          ex ::= ex * IS LESS THAN OR EQUAL ex
          ex ::= ex * IS WITHIN ex TO ex

                         WHERE shift        14     
                          PLUS shift        22     
                         MINUS shift        20     
                            IS shift        40     
                         TIMES shift        18     
                        DIVIDE shift        17     
                         POWER shift        16     
                     SEMICOLON shift-reduce 6      statement ::= IDENTIFIER ASSIGN ex SEMICOLON
                     AMPERSAND shift        15     

State 28:
          statement ::= IDENTIFIER LSPAR ex RSPAR ASSIGN ex * SEMICOLON
          ex ::= ex * PLUS ex
          ex ::= ex * MINUS ex
          ex ::= ex * TIMES ex
          ex ::= ex * DIVIDE ex
          ex ::= ex * POWER ex
          ex ::= ex * AMPERSAND ex
          ex ::= ex * IS NUMBER
          ex ::= ex * IS STRING
          ex ::= ex * IS LIST
          ex ::= ex * IS NOT LIST
          ex ::= ex * WHERE ex
          ex ::= ex * IS LESS THAN ex
          ex ::= ex * IS LESS THAN OR EQUAL ex
          ex ::= ex * IS WITHIN ex TO ex

                         WHERE shift        14     
                          PLUS shift        22     
                         MINUS shift        20     
                            IS shift        40     
                         TIMES shift        18     
                        DIVIDE shift        17     
                         POWER shift        16     
                     SEMICOLON shift-reduce 5      statement ::= IDENTIFIER LSPAR ex RSPAR ASSIGN ex SEMICOLON
                     AMPERSAND shift        15     

State 29:
          statement ::= IDENTIFIER LSPAR ex * RSPAR ASSIGN ex SEMICOLON
          ex ::= ex * PLUS ex
          ex ::= ex * MINUS ex
          ex ::= ex * TIMES ex
          ex ::= ex * DIVIDE ex
          ex ::= ex * POWER ex
          ex ::= ex * AMPERSAND ex
          ex ::= ex * IS NUMBER
          ex ::= ex * IS STRING
          ex ::= ex * IS LIST
          ex ::= ex * IS NOT LIST
          ex ::= ex * WHERE ex
          ex ::= ex * IS LESS THAN ex
          ex ::= ex * IS LESS THAN OR EQUAL ex
          ex ::= ex * IS WITHIN ex TO ex

                         WHERE shift        14     
                          PLUS shift        22     
                         MINUS shift        20     
                            IS shift        40     
                         TIMES shift        18     
                        DIVIDE shift        17     
                         POWER shift        16     
                         RSPAR shift        54     
                     AMPERSAND shift        15     

State 30:
          statement ::= TRACE ex * SEMICOLON
          ex ::= ex * PLUS ex
          ex ::= ex * MINUS ex
          ex ::= ex * TIMES ex
          ex ::= ex * DIVIDE ex
          ex ::= ex * POWER ex
          ex ::= ex * AMPERSAND ex
          ex ::= ex * IS NUMBER
          ex ::= ex * IS STRING
          ex ::= ex * IS LIST
          ex ::= ex * IS NOT LIST
          ex ::= ex * WHERE ex
          ex ::= ex * IS LESS THAN ex
          ex ::= ex * IS LESS THAN OR EQUAL ex
          ex ::= ex * IS WITHIN ex TO ex

                         WHERE shift        14     
                          PLUS shift        22     
                         MINUS shift        20     
                            IS shift        40     
                         TIMES shift        18     
                        DIVIDE shift        17     
                         POWER shift        16     
                     SEMICOLON shift-reduce 4      statement ::= TRACE ex SEMICOLON
                     AMPERSAND shift        15     

State 31:
          ex ::= ex * PLUS ex
          ex ::= ex * MINUS ex
          ex ::= ex * TIMES ex
          ex ::= ex * DIVIDE ex
          ex ::= ex * POWER ex
          ex ::= ex * AMPERSAND ex
          ex ::= ex * IS NUMBER
          ex ::= ex * IS STRING
          ex ::= ex * IS LIST
          ex ::= ex * IS NOT LIST
          ex ::= ex * WHERE ex
          ex ::= ex * IS LESS THAN ex
          ex ::= ex * IS LESS THAN OR EQUAL ex
          ex ::= ex * IS WITHIN ex TO ex
          ex ::= ex IS WITHIN ex * TO ex

                         WHERE shift        14     
                          PLUS shift        22     
                         MINUS shift        20     
                            IS shift        40     
                         TIMES shift        18     
                        DIVIDE shift        17     
                         POWER shift        16     
                     AMPERSAND shift        15     
                            TO shift        8      

State 32:
          ex ::= LPAR ex * RPAR
          ex ::= ex * PLUS ex
          ex ::= ex * MINUS ex
          ex ::= ex * TIMES ex
          ex ::= ex * DIVIDE ex
          ex ::= ex * POWER ex
          ex ::= ex * AMPERSAND ex
          ex ::= ex * IS NUMBER
          ex ::= ex * IS STRING
          ex ::= ex * IS LIST
          ex ::= ex * IS NOT LIST
          ex ::= ex * WHERE ex
          ex ::= ex * IS LESS THAN ex
          ex ::= ex * IS LESS THAN OR EQUAL ex
          ex ::= ex * IS WITHIN ex TO ex

                         WHERE shift        14     
                          PLUS shift        22     
                         MINUS shift        20     
                            IS shift        40     
                         TIMES shift        18     
                        DIVIDE shift        17     
                         POWER shift        16     
                          RPAR shift-reduce 8      ex ::= LPAR ex RPAR
                     AMPERSAND shift        15     

State 33:
          statement ::= WRITE ex * SEMICOLON
          ex ::= ex * PLUS ex
          ex ::= ex * MINUS ex
          ex ::= ex * TIMES ex
          ex ::= ex * DIVIDE ex
          ex ::= ex * POWER ex
          ex ::= ex * AMPERSAND ex
          ex ::= ex * IS NUMBER
          ex ::= ex * IS STRING
          ex ::= ex * IS LIST
          ex ::= ex * IS NOT LIST
          ex ::= ex * WHERE ex
          ex ::= ex * IS LESS THAN ex
          ex ::= ex * IS LESS THAN OR EQUAL ex
          ex ::= ex * IS WITHIN ex TO ex

                         WHERE shift        14     
                          PLUS shift        22     
                         MINUS shift        20     
                            IS shift        40     
                         TIMES shift        18     
                        DIVIDE shift        17     
                         POWER shift        16     
                     SEMICOLON shift-reduce 3      statement ::= WRITE ex SEMICOLON
                     AMPERSAND shift        15     

State 34:
          ex ::= ex * PLUS ex
          ex ::= ex * MINUS ex
          ex ::= ex * TIMES ex
          ex ::= ex * DIVIDE ex
          ex ::= ex * POWER ex
          ex ::= ex * AMPERSAND ex
          ex ::= ex * IS NUMBER
          ex ::= ex * IS STRING
          ex ::= ex * IS LIST
          ex ::= ex * IS NOT LIST
     (35) ex ::= FIRST ex *
          ex ::= ex * WHERE ex
          ex ::= ex * IS LESS THAN ex
          ex ::= ex * IS LESS THAN OR EQUAL ex
          ex ::= ex * IS WITHIN ex TO ex

                         WHERE shift        14     
                         WHERE reduce       35      ** Parsing conflict **
                          PLUS shift        22     
                          PLUS reduce       35      ** Parsing conflict **
                         MINUS shift        20     
                         MINUS reduce       35      ** Parsing conflict **
                            IS shift        40     
                            IS reduce       35      ** Parsing conflict **
                         TIMES shift        18     
                         TIMES reduce       35      ** Parsing conflict **
                        DIVIDE shift        17     
                        DIVIDE reduce       35      ** Parsing conflict **
                         POWER shift        16     
                         POWER reduce       35      ** Parsing conflict **
                     AMPERSAND shift        15     
                     AMPERSAND reduce       35      ** Parsing conflict **
                     {default} reduce       35     ex ::= FIRST ex

State 35:
          ex ::= ex * PLUS ex
          ex ::= ex * MINUS ex
          ex ::= ex * TIMES ex
          ex ::= ex * DIVIDE ex
          ex ::= ex * POWER ex
          ex ::= ex * AMPERSAND ex
          ex ::= ex * IS NUMBER
          ex ::= ex * IS STRING
          ex ::= ex * IS LIST
          ex ::= ex * IS NOT LIST
     (34) ex ::= COUNT ex *
          ex ::= ex * WHERE ex
          ex ::= ex * IS LESS THAN ex
          ex ::= ex * IS LESS THAN OR EQUAL ex
          ex ::= ex * IS WITHIN ex TO ex

                         WHERE shift        14     
                         WHERE reduce       34      ** Parsing conflict **
                          PLUS shift        22     
                          PLUS reduce       34      ** Parsing conflict **
                         MINUS shift        20     
                         MINUS reduce       34      ** Parsing conflict **
                            IS shift        40     
                            IS reduce       34      ** Parsing conflict **
                         TIMES shift        18     
                         TIMES reduce       34      ** Parsing conflict **
                        DIVIDE shift        17     
                        DIVIDE reduce       34      ** Parsing conflict **
                         POWER shift        16     
                         POWER reduce       34      ** Parsing conflict **
                     AMPERSAND shift        15     
                     AMPERSAND reduce       34      ** Parsing conflict **
                     {default} reduce       34     ex ::= COUNT ex

State 36:
          ex ::= ex * PLUS ex
          ex ::= ex * MINUS ex
          ex ::= ex * TIMES ex
          ex ::= ex * DIVIDE ex
          ex ::= ex * POWER ex
          ex ::= ex * AMPERSAND ex
          ex ::= ex * IS NUMBER
          ex ::= ex * IS STRING
          ex ::= ex * IS LIST
          ex ::= ex * IS NOT LIST
     (33) exlist ::= exlist COMMA ex *
          ex ::= ex * WHERE ex
          ex ::= ex * IS LESS THAN ex
          ex ::= ex * IS LESS THAN OR EQUAL ex
          ex ::= ex * IS WITHIN ex TO ex

                         WHERE shift        14     
                          PLUS shift        22     
                         MINUS shift        20     
                            IS shift        40     
                         TIMES shift        18     
                        DIVIDE shift        17     
                         POWER shift        16     
                     AMPERSAND shift        15     
                     {default} reduce       33     exlist ::= exlist COMMA ex

State 37:
          ex ::= ex * PLUS ex
          ex ::= ex * MINUS ex
          ex ::= ex * TIMES ex
          ex ::= ex * DIVIDE ex
          ex ::= ex * POWER ex
          ex ::= ex * AMPERSAND ex
          ex ::= ex * IS NUMBER
          ex ::= ex * IS STRING
          ex ::= ex * IS LIST
          ex ::= ex * IS NOT LIST
     (32) exlist ::= ex *
          ex ::= ex * WHERE ex
          ex ::= ex * IS LESS THAN ex
          ex ::= ex * IS LESS THAN OR EQUAL ex
          ex ::= ex * IS WITHIN ex TO ex

                         WHERE shift        14     
                          PLUS shift        22     
                         MINUS shift        20     
                            IS shift        40     
                         TIMES shift        18     
                        DIVIDE shift        17     
                         POWER shift        16     
                     AMPERSAND shift        15     
                     {default} reduce       32     exlist ::= ex

State 38:
          ex ::= ex * PLUS ex
          ex ::= ex * MINUS ex
          ex ::= ex * TIMES ex
          ex ::= ex * DIVIDE ex
          ex ::= ex * POWER ex
          ex ::= ex * AMPERSAND ex
          ex ::= ex * IS NUMBER
          ex ::= ex * IS STRING
          ex ::= ex * IS LIST
          ex ::= ex * IS NOT LIST
          ex ::= ex * WHERE ex
     (36) ex ::= ex WHERE ex *
          ex ::= ex * IS LESS THAN ex
          ex ::= ex * IS LESS THAN OR EQUAL ex
          ex ::= ex * IS WITHIN ex TO ex

                         WHERE shift        14     
                          PLUS shift        22     
                         MINUS shift        20     
                            IS shift        40     
                         TIMES shift        18     
                        DIVIDE shift        17     
                         POWER shift        16     
                     AMPERSAND shift        15     
                     AMPERSAND reduce       36      ** Parsing conflict **
                     {default} reduce       36     ex ::= ex WHERE ex

State 39:
          ex ::= ex * PLUS ex
          ex ::= ex * MINUS ex
          ex ::= ex * TIMES ex
          ex ::= ex * DIVIDE ex
          ex ::= ex * POWER ex
          ex ::= ex * AMPERSAND ex
     (24) ex ::= ex AMPERSAND ex *
          ex ::= ex * IS NUMBER
          ex ::= ex * IS STRING
          ex ::= ex * IS LIST
          ex ::= ex * IS NOT LIST
          ex ::= ex * WHERE ex
          ex ::= ex * IS LESS THAN ex
          ex ::= ex * IS LESS THAN OR EQUAL ex
          ex ::= ex * IS WITHIN ex TO ex

                         WHERE shift        14     
                         WHERE reduce       24      ** Parsing conflict **
                          PLUS shift        22     
                          PLUS reduce       24      ** Parsing conflict **
                         MINUS shift        20     
                         MINUS reduce       24      ** Parsing conflict **
                            IS shift        40     
                            IS reduce       24      ** Parsing conflict **
                         TIMES shift        18     
                         TIMES reduce       24      ** Parsing conflict **
                        DIVIDE shift        17     
                        DIVIDE reduce       24      ** Parsing conflict **
                         POWER shift        16     
                         POWER reduce       24      ** Parsing conflict **
                     AMPERSAND shift        15     
                     AMPERSAND reduce       24      ** Parsing conflict **
                     {default} reduce       24     ex ::= ex AMPERSAND ex

State 40:
          ex ::= ex IS * NUMBER
          ex ::= ex IS * STRING
          ex ::= ex IS * LIST
          ex ::= ex IS * NOT LIST
          ex ::= ex IS * LESS THAN ex
          ex ::= ex IS * LESS THAN OR EQUAL ex
          ex ::= ex IS * WITHIN ex TO ex

                           NOT shift        57     
                          LESS shift        56     
                        NUMBER shift-reduce 25     ex ::= ex IS NUMBER
                        STRING shift-reduce 26     ex ::= ex IS STRING
                          LIST shift-reduce 27     ex ::= ex IS LIST
                        WITHIN shift        9      

State 41:
          ex ::= ex * PLUS ex
     (19) ex ::= ex PLUS ex *
          ex ::= ex * MINUS ex
          ex ::= ex * TIMES ex
          ex ::= ex * DIVIDE ex
          ex ::= ex * POWER ex
          ex ::= ex * AMPERSAND ex
          ex ::= ex * IS NUMBER
          ex ::= ex * IS STRING
          ex ::= ex * IS LIST
          ex ::= ex * IS NOT LIST
          ex ::= ex * WHERE ex
          ex ::= ex * IS LESS THAN ex
          ex ::= ex * IS LESS THAN OR EQUAL ex
          ex ::= ex * IS WITHIN ex TO ex

                            IS shift        40     
                         TIMES shift        18     
                        DIVIDE shift        17     
                         POWER shift        16     
                     AMPERSAND shift        15     
                     AMPERSAND reduce       19      ** Parsing conflict **
                     {default} reduce       19     ex ::= ex PLUS ex

State 42:
          ex ::= ex * PLUS ex
          ex ::= ex * MINUS ex
     (20) ex ::= ex MINUS ex *
          ex ::= ex * TIMES ex
          ex ::= ex * DIVIDE ex
          ex ::= ex * POWER ex
          ex ::= ex * AMPERSAND ex
          ex ::= ex * IS NUMBER
          ex ::= ex * IS STRING
          ex ::= ex * IS LIST
          ex ::= ex * IS NOT LIST
          ex ::= ex * WHERE ex
          ex ::= ex * IS LESS THAN ex
          ex ::= ex * IS LESS THAN OR EQUAL ex
          ex ::= ex * IS WITHIN ex TO ex

                            IS shift        40     
                         TIMES shift        18     
                        DIVIDE shift        17     
                         POWER shift        16     
                     AMPERSAND shift        15     
                     AMPERSAND reduce       20      ** Parsing conflict **
                     {default} reduce       20     ex ::= ex MINUS ex

State 43:
     (18) ex ::= TIME of ex *
          ex ::= ex * PLUS ex
          ex ::= ex * MINUS ex
          ex ::= ex * TIMES ex
          ex ::= ex * DIVIDE ex
          ex ::= ex * POWER ex
          ex ::= ex * AMPERSAND ex
          ex ::= ex * IS NUMBER
          ex ::= ex * IS STRING
          ex ::= ex * IS LIST
          ex ::= ex * IS NOT LIST
          ex ::= ex * WHERE ex
          ex ::= ex * IS LESS THAN ex
          ex ::= ex * IS LESS THAN OR EQUAL ex
          ex ::= ex * IS WITHIN ex TO ex

                            IS shift        40     
                         TIMES shift        18     
                        DIVIDE shift        17     
                         POWER shift        16     
                     AMPERSAND shift        15     
                     AMPERSAND reduce       18      ** Parsing conflict **
                     {default} reduce       18     ex ::= TIME of ex

State 44:
          ex ::= ex * PLUS ex
          ex ::= ex * MINUS ex
          ex ::= ex * TIMES ex
          ex ::= ex * DIVIDE ex
          ex ::= ex * POWER ex
          ex ::= ex * AMPERSAND ex
          ex ::= ex * IS NUMBER
          ex ::= ex * IS STRING
          ex ::= ex * IS LIST
          ex ::= ex * IS NOT LIST
          ex ::= ex * WHERE ex
          ex ::= ex * IS LESS THAN ex
          ex ::= ex * IS LESS THAN OR EQUAL ex
          ex ::= ex * IS WITHIN ex TO ex
     (39) ex ::= ex IS WITHIN ex TO ex *

                         TIMES shift        18     
                        DIVIDE shift        17     
                         POWER shift        16     
                     AMPERSAND shift        15     
                     AMPERSAND reduce       39      ** Parsing conflict **
                     {default} reduce       39     ex ::= ex IS WITHIN ex TO ex

State 45:
          ex ::= ex * PLUS ex
          ex ::= ex * MINUS ex
          ex ::= ex * TIMES ex
          ex ::= ex * DIVIDE ex
          ex ::= ex * POWER ex
          ex ::= ex * AMPERSAND ex
          ex ::= ex * IS NUMBER
          ex ::= ex * IS STRING
          ex ::= ex * IS LIST
          ex ::= ex * IS NOT LIST
          ex ::= ex * WHERE ex
          ex ::= ex * IS LESS THAN ex
          ex ::= ex * IS LESS THAN OR EQUAL ex
     (38) ex ::= ex IS LESS THAN OR EQUAL ex *
          ex ::= ex * IS WITHIN ex TO ex

                         TIMES shift        18     
                        DIVIDE shift        17     
                         POWER shift        16     
                     AMPERSAND shift        15     
                     AMPERSAND reduce       38      ** Parsing conflict **
                     {default} reduce       38     ex ::= ex IS LESS THAN OR EQUAL ex

State 46:
          ex ::= ex * PLUS ex
          ex ::= ex * MINUS ex
          ex ::= ex * TIMES ex
          ex ::= ex * DIVIDE ex
          ex ::= ex * POWER ex
          ex ::= ex * AMPERSAND ex
          ex ::= ex * IS NUMBER
          ex ::= ex * IS STRING
          ex ::= ex * IS LIST
          ex ::= ex * IS NOT LIST
          ex ::= ex * WHERE ex
          ex ::= ex * IS LESS THAN ex
     (37) ex ::= ex IS LESS THAN ex *
          ex ::= ex * IS LESS THAN OR EQUAL ex
          ex ::= ex * IS WITHIN ex TO ex

                         TIMES shift        18     
                        DIVIDE shift        17     
                         POWER shift        16     
                     AMPERSAND shift        15     
                     AMPERSAND reduce       37      ** Parsing conflict **
                     {default} reduce       37     ex ::= ex IS LESS THAN ex

State 47:
          statement ::= IDENTIFIER * LSPAR ex RSPAR ASSIGN ex SEMICOLON
          statement ::= IDENTIFIER * ASSIGN ex SEMICOLON

                         LSPAR shift        6      
                        ASSIGN shift        4      

State 48:
          jsonarray ::= LSPAR exlist * RSPAR
          exlist ::= exlist * COMMA ex

                         RSPAR shift-reduce 31     jsonarray ::= LSPAR exlist RSPAR
                         COMMA shift        13     

State 49:
          ex ::= ex * PLUS ex
          ex ::= ex * MINUS ex
          ex ::= ex * TIMES ex
          ex ::= ex * DIVIDE ex
          ex ::= ex * POWER ex
     (23) ex ::= ex POWER ex *
          ex ::= ex * AMPERSAND ex
          ex ::= ex * IS NUMBER
          ex ::= ex * IS STRING
          ex ::= ex * IS LIST
          ex ::= ex * IS NOT LIST
          ex ::= ex * WHERE ex
          ex ::= ex * IS LESS THAN ex
          ex ::= ex * IS LESS THAN OR EQUAL ex
          ex ::= ex * IS WITHIN ex TO ex

                         POWER shift        16     
                     AMPERSAND shift        15     
                     AMPERSAND reduce       23      ** Parsing conflict **
                     {default} reduce       23     ex ::= ex POWER ex

State 50:
          ex ::= ex * PLUS ex
          ex ::= ex * MINUS ex
          ex ::= ex * TIMES ex
          ex ::= ex * DIVIDE ex
     (22) ex ::= ex DIVIDE ex *
          ex ::= ex * POWER ex
          ex ::= ex * AMPERSAND ex
          ex ::= ex * IS NUMBER
          ex ::= ex * IS STRING
          ex ::= ex * IS LIST
          ex ::= ex * IS NOT LIST
          ex ::= ex * WHERE ex
          ex ::= ex * IS LESS THAN ex
          ex ::= ex * IS LESS THAN OR EQUAL ex
          ex ::= ex * IS WITHIN ex TO ex

                         POWER shift        16     
                     AMPERSAND shift        15     
                     AMPERSAND reduce       22      ** Parsing conflict **
                     {default} reduce       22     ex ::= ex DIVIDE ex

State 51:
          ex ::= ex * PLUS ex
          ex ::= ex * MINUS ex
          ex ::= ex * TIMES ex
     (21) ex ::= ex TIMES ex *
          ex ::= ex * DIVIDE ex
          ex ::= ex * POWER ex
          ex ::= ex * AMPERSAND ex
          ex ::= ex * IS NUMBER
          ex ::= ex * IS STRING
          ex ::= ex * IS LIST
          ex ::= ex * IS NOT LIST
          ex ::= ex * WHERE ex
          ex ::= ex * IS LESS THAN ex
          ex ::= ex * IS LESS THAN OR EQUAL ex
          ex ::= ex * IS WITHIN ex TO ex

                         POWER shift        16     
                     AMPERSAND shift        15     
                     AMPERSAND reduce       21      ** Parsing conflict **
                     {default} reduce       21     ex ::= ex TIMES ex

State 52:
          statement ::= TIME IDENTIFIER * ASSIGN ex SEMICOLON

                        ASSIGN shift        3      

State 53:
          statement ::= TIME * IDENTIFIER ASSIGN ex SEMICOLON

                    IDENTIFIER shift        52     

State 54:
          statement ::= IDENTIFIER LSPAR ex RSPAR * ASSIGN ex SEMICOLON

                        ASSIGN shift        5      

State 55:
          ex ::= ex IS LESS THAN OR * EQUAL ex

                         EQUAL shift        10     

State 56:
          ex ::= ex IS LESS * THAN ex
          ex ::= ex IS LESS * THAN OR EQUAL ex

                          THAN shift        2      

State 57:
          ex ::= ex IS NOT * LIST

                          LIST shift-reduce 28     ex ::= ex IS NOT LIST

----------------------------------------------------
Symbols:
    0: $:
    1: WHERE
    2: NOT
    3: PLUS
    4: MINUS
    5: EQUAL
    6: LESS
    7: THAN
    8: TIME
    9: IS
   10: TIMES
   11: DIVIDE
   12: POWER
   13: IT
   14: LSPAR
   15: WRITE
   16: SEMICOLON
   17: TRACE
   18: IDENTIFIER
   19: RSPAR
   20: ASSIGN
   21: LPAR
   22: RPAR
   23: NUMTOKEN
   24: TIMETOKEN
   25: STRTOKEN
   26: TRUE
   27: FALSE
   28: CURRENTTIME
   29: NOW
   30: NULL1
   31: OF
   32: AMPERSAND
   33: NUMBER
   34: STRING
   35: LIST
   36: COMMA
   37: COUNT
   38: FIRST
   39: OR
   40: WITHIN
   41: TO
   42: error:
   43: code: <lambda> TIME WRITE TRACE IDENTIFIER
   44: statementblock: <lambda> TIME WRITE TRACE IDENTIFIER
   45: statement: TIME WRITE TRACE IDENTIFIER
   46: ex: TIME IT LSPAR IDENTIFIER LPAR NUMTOKEN TIMETOKEN STRTOKEN TRUE FALSE CURRENTTIME NOW NULL1 COUNT FIRST
   47: of: <lambda> OF
   48: jsonarray: LSPAR
   49: exlist: TIME IT LSPAR IDENTIFIER LPAR NUMTOKEN TIMETOKEN STRTOKEN TRUE FALSE CURRENTTIME NOW NULL1 COUNT FIRST
